<?xml version="1.0" encoding="UTF-8"?>
<!-- Generated by org.testng.reporters.JUnitReportReporter -->
<testsuite skipped="0" hostname="DESKTOP-L40GOVC" name="testng.TestNGdemo" tests="3" failures="0" timestamp="2021-09-14T23:15:42 IST" time="0.019" errors="0">
  <testcase name="deleteUser" time="0.002" classname="testng.TestNGdemo"/>
  <system-out/>
  <testcase name="modifyUser" time="0.002" classname="testng.TestNGdemo"/>
  <system-out/>
  <testcase name="createUser" time="0.015" classname="testng.TestNGdemo"/>
  <system-out/>
</testsuite> <!-- testng.TestNGdemo -->
