<?xml version="1.0" encoding="UTF-8"?>
<!-- Generated by org.testng.reporters.JUnitReportReporter -->
<testsuite skipped="0" hostname="DESKTOP-L40GOVC" name="com.sg.automation.Assignment1" tests="1" failures="0" timestamp="14 Aug 2021 08:19:18 GMT" time="21.902" errors="0">
  <testcase name="testCase1" time="21.902" classname="com.sg.automation.Assignment1"/>
</testsuite> <!-- com.sg.automation.Assignment1 -->
