<?xml version="1.0" encoding="UTF-8"?>
<!-- Generated by org.testng.reporters.JUnitReportReporter -->
<testsuite skipped="0" hostname="DESKTOP-L40GOVC" name="com.sgtesting.actitime.driverscript.DriverScript" tests="1" failures="0" timestamp="2021-06-14T18:57:15 IST" time="296.921" errors="0">
  <testcase name="executeTestScenarios" time="296.921" classname="com.sgtesting.actitime.driverscript.DriverScript"/>
  <system-out/>
</testsuite> <!-- com.sgtesting.actitime.driverscript.DriverScript -->
